Arguments: 
  /Users/lichen/.nvm/versions/node/v6.10.0/bin/node /usr/local/Cellar/yarn/1.3.2/libexec/bin/yarn.js publish

PATH: 
  /Users/lichen/bin:/Users/lichen/.opam/4.02.3/bin:/Users/lichen/.opam/4.02.3/bin:/Users/lichen/.pyenv/shims:/Users/lichen/.rbenv/shims:/Users/lichen/.nvm/versions/node/v6.10.0/bin:/usr/local/bin:/usr/local/sbin:/usr/bin:/bin:/usr/sbin:/sbin:

Yarn version: 
  1.3.2

Node version: 
  6.10.0

Platform: 
  darwin x64

npm manifest: 
  {
    "name": "markdown-doc-loader",
    "version": "2.1.2",
    "description": "markdown doc webpack loader",
    "main": "lib/index.js",
    "scripts": {},
    "keywords": [
      "webpack",
      "loader",
      "zanui",
      "doc"
    ],
    "author": "Li Chen <lichen@youzan.com>",
    "license": "MIT",
    "dependencies": {
      "hast-util-is-css-style": "^1.0.0",
      "hast-util-to-string": "^1.0.0",
      "js-yaml": "^3.10.0",
      "lodash": "^4.17.4",
      "rehype-parse": "^3.1.0",
      "rehype-stringify": "^3.0.0",
      "remark-frontmatter": "1.1.0",
      "remark-parse": "^3.0.0",
      "unified": "^6.1.1",
      "unist-builder": "^1.0.2",
      "unist-util-remove-position": "^1.1.0",
      "unist-util-visit": "^1.1.1"
    }
  }

yarn manifest: 
  No manifest

Lockfile: 
  # THIS IS AN AUTOGENERATED FILE. DO NOT EDIT THIS FILE DIRECTLY.
  # yarn lockfile v1
  
  
  argparse@^1.0.7:
    version "1.0.9"
    resolved "http://registry.npm.taobao.org/argparse/download/argparse-1.0.9.tgz#73d83bc263f86e97f8cc4f6bae1b0e90a7d22c86"
    dependencies:
      sprintf-js "~1.0.2"
  
  bail@^1.0.0:
    version "1.0.2"
    resolved "http://registry.npm.taobao.org/bail/download/bail-1.0.2.tgz#f7d6c1731630a9f9f0d4d35ed1f962e2074a1764"
  
  camelcase@^3.0.0:
    version "3.0.0"
    resolved "http://registry.npm.taobao.org/camelcase/download/camelcase-3.0.0.tgz#32fc4b9fcdaf845fcdf7e73bb97cac2261f0ab0a"
  
  ccount@^1.0.0:
    version "1.0.2"
    resolved "http://registry.npm.taobao.org/ccount/download/ccount-1.0.2.tgz#53b6a2f815bb77b9c2871f7b9a72c3a25f1d8e89"
  
  character-entities-html4@^1.0.0:
    version "1.1.1"
    resolved "http://registry.npm.taobao.org/character-entities-html4/download/character-entities-html4-1.1.1.tgz#359a2a4a0f7e29d3dc2ac99bdbe21ee39438ea50"
  
  character-entities-legacy@^1.0.0:
    version "1.1.1"
    resolved "http://registry.npm.taobao.org/character-entities-legacy/download/character-entities-legacy-1.1.1.tgz#f40779df1a101872bb510a3d295e1fccf147202f"
  
  character-entities@^1.0.0:
    version "1.2.1"
    resolved "http://registry.npm.taobao.org/character-entities/download/character-entities-1.2.1.tgz#f76871be5ef66ddb7f8f8e3478ecc374c27d6dca"
  
  character-reference-invalid@^1.0.0:
    version "1.1.1"
    resolved "http://registry.npm.taobao.org/character-reference-invalid/download/character-reference-invalid-1.1.1.tgz#942835f750e4ec61a308e60c2ef8cc1011202efc"
  
  collapse-white-space@^1.0.2:
    version "1.0.3"
    resolved "http://registry.npm.taobao.org/collapse-white-space/download/collapse-white-space-1.0.3.tgz#4b906f670e5a963a87b76b0e1689643341b6023c"
  
  comma-separated-tokens@^1.0.0, comma-separated-tokens@^1.0.1:
    version "1.0.4"
    resolved "http://registry.npm.taobao.org/comma-separated-tokens/download/comma-separated-tokens-1.0.4.tgz#72083e58d4a462f01866f6617f4d98a3cd3b8a46"
    dependencies:
      trim "0.0.1"
  
  esprima@^4.0.0:
    version "4.0.0"
    resolved "http://registry.npm.taobao.org/esprima/download/esprima-4.0.0.tgz#4499eddcd1110e0b218bacf2fa7f7f59f55ca804"
  
  extend@^3.0.0:
    version "3.0.1"
    resolved "http://registry.npm.taobao.org/extend/download/extend-3.0.1.tgz#a755ea7bc1adfcc5a31ce7e762dbaadc5e636444"
  
  fault@^1.0.1:
    version "1.0.1"
    resolved "http://registry.npm.taobao.org/fault/download/fault-1.0.1.tgz#de8d350dfd48be24b5dc1b02867e0871b9135092"
    dependencies:
      format "^0.2.2"
  
  format@^0.2.2:
    version "0.2.2"
    resolved "http://registry.npm.taobao.org/format/download/format-0.2.2.tgz#d6170107e9efdc4ed30c9dc39016df942b5cb58b"
  
  function-bind@^1.0.2:
    version "1.1.1"
    resolved "http://registry.npm.taobao.org/function-bind/download/function-bind-1.1.1.tgz#a56899d3ea3c9bab874bb9773b7c5ede92f4895d"
  
  has@^1.0.1:
    version "1.0.1"
    resolved "http://registry.npm.taobao.org/has/download/has-1.0.1.tgz#8461733f538b0837c9361e39a9ab9e9704dc2f28"
    dependencies:
      function-bind "^1.0.2"
  
  hast-util-from-parse5@^1.0.0:
    version "1.1.0"
    resolved "http://registry.npm.taobao.org/hast-util-from-parse5/download/hast-util-from-parse5-1.1.0.tgz#359cc339dc8ccf1dfaca41915ad63fd546130acd"
    dependencies:
      camelcase "^3.0.0"
      has "^1.0.1"
      hastscript "^3.0.0"
      property-information "^3.1.0"
      vfile-location "^2.0.0"
  
  hast-util-is-css-style@^1.0.0:
    version "1.0.1"
    resolved "http://registry.npm.taobao.org/hast-util-is-css-style/download/hast-util-is-css-style-1.0.1.tgz#311bb4d9f8a1b98c2c67f8d58ca8498dc1cc03b2"
    dependencies:
      trim "0.0.1"
  
  hast-util-is-element@^1.0.0:
    version "1.0.0"
    resolved "http://registry.npm.taobao.org/hast-util-is-element/download/hast-util-is-element-1.0.0.tgz#3f7216978b2ae14d98749878782675f33be3ce00"
  
  hast-util-parse-selector@^2.0.0:
    version "2.1.0"
    resolved "http://registry.npm.taobao.org/hast-util-parse-selector/download/hast-util-parse-selector-2.1.0.tgz#b55c0f4bb7bb2040c889c325ef87ab29c38102b4"
  
  hast-util-to-html@^3.0.0:
    version "3.1.0"
    resolved "http://registry.npm.taobao.org/hast-util-to-html/download/hast-util-to-html-3.1.0.tgz#882c99849e40130e991c042e456d453d95c36cff"
    dependencies:
      ccount "^1.0.0"
      comma-separated-tokens "^1.0.1"
      hast-util-is-element "^1.0.0"
      hast-util-whitespace "^1.0.0"
      html-void-elements "^1.0.0"
      kebab-case "^1.0.0"
      property-information "^3.1.0"
      space-separated-tokens "^1.0.0"
      stringify-entities "^1.0.1"
      unist-util-is "^2.0.0"
      xtend "^4.0.1"
  
  hast-util-to-string@^1.0.0:
    version "1.0.1"
    resolved "http://registry.npm.taobao.org/hast-util-to-string/download/hast-util-to-string-1.0.1.tgz#b28055cdca012d3c8fd048757c8483d0de0d002c"
  
  hast-util-whitespace@^1.0.0:
    version "1.0.0"
    resolved "http://registry.npm.taobao.org/hast-util-whitespace/download/hast-util-whitespace-1.0.0.tgz#bd096919625d2936e1ff17bc4df7fd727f17ece9"
  
  hastscript@^3.0.0:
    version "3.1.0"
    resolved "http://registry.npm.taobao.org/hastscript/download/hastscript-3.1.0.tgz#66628ba6d7f1ad07d9277dd09028aba7f4934599"
    dependencies:
      camelcase "^3.0.0"
      comma-separated-tokens "^1.0.0"
      hast-util-parse-selector "^2.0.0"
      property-information "^3.0.0"
      space-separated-tokens "^1.0.0"
  
  html-void-elements@^1.0.0:
    version "1.0.2"
    resolved "http://registry.npm.taobao.org/html-void-elements/download/html-void-elements-1.0.2.tgz#9d22e0ca32acc95b3f45b8d5b4f6fbdc05affd55"
  
  inherits@^2.0.1:
    version "2.0.3"
    resolved "http://registry.npm.taobao.org/inherits/download/inherits-2.0.3.tgz#633c2c83e3da42a502f52466022480f4208261de"
  
  is-alphabetical@^1.0.0:
    version "1.0.1"
    resolved "http://registry.npm.taobao.org/is-alphabetical/download/is-alphabetical-1.0.1.tgz#c77079cc91d4efac775be1034bf2d243f95e6f08"
  
  is-alphanumerical@^1.0.0:
    version "1.0.1"
    resolved "http://registry.npm.taobao.org/is-alphanumerical/download/is-alphanumerical-1.0.1.tgz#dfb4aa4d1085e33bdb61c2dee9c80e9c6c19f53b"
    dependencies:
      is-alphabetical "^1.0.0"
      is-decimal "^1.0.0"
  
  is-buffer@^1.1.4:
    version "1.1.5"
    resolved "http://registry.npm.taobao.org/is-buffer/download/is-buffer-1.1.5.tgz#1f3b26ef613b214b88cbca23cc6c01d87961eecc"
  
  is-decimal@^1.0.0:
    version "1.0.1"
    resolved "http://registry.npm.taobao.org/is-decimal/download/is-decimal-1.0.1.tgz#f5fb6a94996ad9e8e3761fbfbd091f1fca8c4e82"
  
  is-hexadecimal@^1.0.0:
    version "1.0.1"
    resolved "http://registry.npm.taobao.org/is-hexadecimal/download/is-hexadecimal-1.0.1.tgz#6e084bbc92061fbb0971ec58b6ce6d404e24da69"
  
  is-plain-obj@^1.1.0:
    version "1.1.0"
    resolved "http://registry.npm.taobao.org/is-plain-obj/download/is-plain-obj-1.1.0.tgz#71a50c8429dfca773c92a390a4a03b39fcd51d3e"
  
  is-whitespace-character@^1.0.0:
    version "1.0.1"
    resolved "http://registry.npm.taobao.org/is-whitespace-character/download/is-whitespace-character-1.0.1.tgz#9ae0176f3282b65457a1992cdb084f8a5f833e3b"
  
  is-word-character@^1.0.0:
    version "1.0.1"
    resolved "http://registry.npm.taobao.org/is-word-character/download/is-word-character-1.0.1.tgz#5a03fa1ea91ace8a6eb0c7cd770eb86d65c8befb"
  
  js-yaml@^3.10.0:
    version "3.10.0"
    resolved "http://registry.npm.taobao.org/js-yaml/download/js-yaml-3.10.0.tgz#2e78441646bd4682e963f22b6e92823c309c62dc"
    dependencies:
      argparse "^1.0.7"
      esprima "^4.0.0"
  
  kebab-case@^1.0.0:
    version "1.0.0"
    resolved "http://registry.npm.taobao.org/kebab-case/download/kebab-case-1.0.0.tgz#3f9e4990adcad0c686c0e701f7645868f75f91eb"
  
  lodash@^4.17.4:
    version "4.17.4"
    resolved "http://registry.npm.taobao.org/lodash/download/lodash-4.17.4.tgz#78203a4d1c328ae1d86dca6460e369b57f4055ae"
  
  markdown-escapes@^1.0.0:
    version "1.0.1"
    resolved "http://registry.npm.taobao.org/markdown-escapes/download/markdown-escapes-1.0.1.tgz#1994df2d3af4811de59a6714934c2b2292734518"
  
  object-assign@^4.1.0:
    version "4.1.1"
    resolved "http://registry.npm.taobao.org/object-assign/download/object-assign-4.1.1.tgz#2109adc7965887cfc05cbbd442cac8bfbb360863"
  
  parse-entities@^1.0.2:
    version "1.1.1"
    resolved "http://registry.npm.taobao.org/parse-entities/download/parse-entities-1.1.1.tgz#8112d88471319f27abae4d64964b122fe4e1b890"
    dependencies:
      character-entities "^1.0.0"
      character-entities-legacy "^1.0.0"
      character-reference-invalid "^1.0.0"
      is-alphanumerical "^1.0.0"
      is-decimal "^1.0.0"
      is-hexadecimal "^1.0.0"
  
  parse5@^2.1.5:
    version "2.2.3"
    resolved "http://registry.npm.taobao.org/parse5/download/parse5-2.2.3.tgz#0c4fc41c1000c5e6b93d48b03f8083837834e9f6"
  
  property-information@^3.0.0, property-information@^3.1.0:
    version "3.2.0"
    resolved "http://registry.npm.taobao.org/property-information/download/property-information-3.2.0.tgz#fd1483c8fbac61808f5fe359e7693a1f48a58331"
  
  rehype-parse@^3.1.0:
    version "3.1.0"
    resolved "http://registry.npm.taobao.org/rehype-parse/download/rehype-parse-3.1.0.tgz#7f5227a597a3f39fc4b938646161539c444ee728"
    dependencies:
      hast-util-from-parse5 "^1.0.0"
      parse5 "^2.1.5"
      xtend "^4.0.1"
  
  rehype-stringify@^3.0.0:
    version "3.0.0"
    resolved "http://registry.npm.taobao.org/rehype-stringify/download/rehype-stringify-3.0.0.tgz#9fef0868213c2dce2f780b76f3d0488c85e819eb"
    dependencies:
      hast-util-to-html "^3.0.0"
      xtend "^4.0.1"
  
  remark-frontmatter@1.1.0:
    version "1.1.0"
    resolved "http://registry.npm.taobao.org/remark-frontmatter/download/remark-frontmatter-1.1.0.tgz#9d23c2b376f56617bdb5c5560f1b56e45b19788b"
    dependencies:
      fault "^1.0.1"
      xtend "^4.0.1"
  
  remark-parse@^3.0.0:
    version "3.0.1"
    resolved "http://registry.npm.taobao.org/remark-parse/download/remark-parse-3.0.1.tgz#1b9f841a44d8f4fbf2246850265459a4eb354c80"
    dependencies:
      collapse-white-space "^1.0.2"
      has "^1.0.1"
      is-alphabetical "^1.0.0"
      is-decimal "^1.0.0"
      is-whitespace-character "^1.0.0"
      is-word-character "^1.0.0"
      markdown-escapes "^1.0.0"
      parse-entities "^1.0.2"
      repeat-string "^1.5.4"
      state-toggle "^1.0.0"
      trim "0.0.1"
      trim-trailing-lines "^1.0.0"
      unherit "^1.0.4"
      unist-util-remove-position "^1.0.0"
      vfile-location "^2.0.0"
      xtend "^4.0.1"
  
  repeat-string@^1.5.4:
    version "1.6.1"
    resolved "http://registry.npm.taobao.org/repeat-string/download/repeat-string-1.6.1.tgz#8dcae470e1c88abc2d600fff4a776286da75e637"
  
  replace-ext@1.0.0:
    version "1.0.0"
    resolved "http://registry.npm.taobao.org/replace-ext/download/replace-ext-1.0.0.tgz#de63128373fcbf7c3ccfa4de5a480c45a67958eb"
  
  space-separated-tokens@^1.0.0:
    version "1.1.1"
    resolved "http://registry.npm.taobao.org/space-separated-tokens/download/space-separated-tokens-1.1.1.tgz#9695b9df9e65aec1811d4c3f9ce52520bc2f7e4d"
    dependencies:
      trim "0.0.1"
  
  sprintf-js@~1.0.2:
    version "1.0.3"
    resolved "http://registry.npm.taobao.org/sprintf-js/download/sprintf-js-1.0.3.tgz#04e6926f662895354f3dd015203633b857297e2c"
  
  state-toggle@^1.0.0:
    version "1.0.0"
    resolved "http://registry.npm.taobao.org/state-toggle/download/state-toggle-1.0.0.tgz#d20f9a616bb4f0c3b98b91922d25b640aa2bc425"
  
  stringify-entities@^1.0.1:
    version "1.3.1"
    resolved "http://registry.npm.taobao.org/stringify-entities/download/stringify-entities-1.3.1.tgz#b150ec2d72ac4c1b5f324b51fb6b28c9cdff058c"
    dependencies:
      character-entities-html4 "^1.0.0"
      character-entities-legacy "^1.0.0"
      is-alphanumerical "^1.0.0"
      is-hexadecimal "^1.0.0"
  
  trim-trailing-lines@^1.0.0:
    version "1.1.0"
    resolved "http://registry.npm.taobao.org/trim-trailing-lines/download/trim-trailing-lines-1.1.0.tgz#7aefbb7808df9d669f6da2e438cac8c46ada7684"
  
  trim@0.0.1:
    version "0.0.1"
    resolved "http://registry.npm.taobao.org/trim/download/trim-0.0.1.tgz#5858547f6b290757ee95cccc666fb50084c460dd"
  
  trough@^1.0.0:
    version "1.0.1"
    resolved "http://registry.npm.taobao.org/trough/download/trough-1.0.1.tgz#a9fd8b0394b0ae8fff82e0633a0a36ccad5b5f86"
  
  unherit@^1.0.4:
    version "1.1.0"
    resolved "http://registry.npm.taobao.org/unherit/download/unherit-1.1.0.tgz#6b9aaedfbf73df1756ad9e316dd981885840cd7d"
    dependencies:
      inherits "^2.0.1"
      xtend "^4.0.1"
  
  unified@^6.1.1:
    version "6.1.5"
    resolved "http://registry.npm.taobao.org/unified/download/unified-6.1.5.tgz#716937872621a63135e62ced2f3ac6a063c6fb87"
    dependencies:
      bail "^1.0.0"
      extend "^3.0.0"
      is-plain-obj "^1.1.0"
      trough "^1.0.0"
      vfile "^2.0.0"
      x-is-function "^1.0.4"
      x-is-string "^0.1.0"
  
  unist-builder@^1.0.2:
    version "1.0.2"
    resolved "http://registry.npm.taobao.org/unist-builder/download/unist-builder-1.0.2.tgz#8c3b9903ef64bcfb117dd7cf6a5d98fc1b3b27b6"
    dependencies:
      object-assign "^4.1.0"
  
  unist-util-is@^2.0.0:
    version "2.1.1"
    resolved "http://registry.npm.taobao.org/unist-util-is/download/unist-util-is-2.1.1.tgz#0c312629e3f960c66e931e812d3d80e77010947b"
  
  unist-util-remove-position@^1.0.0, unist-util-remove-position@^1.1.0:
    version "1.1.1"
    resolved "http://registry.npm.taobao.org/unist-util-remove-position/download/unist-util-remove-position-1.1.1.tgz#5a85c1555fc1ba0c101b86707d15e50fa4c871bb"
    dependencies:
      unist-util-visit "^1.1.0"
  
  unist-util-stringify-position@^1.0.0:
    version "1.1.1"
    resolved "http://registry.npm.taobao.org/unist-util-stringify-position/download/unist-util-stringify-position-1.1.1.tgz#3ccbdc53679eed6ecf3777dd7f5e3229c1b6aa3c"
  
  unist-util-visit@^1.1.0, unist-util-visit@^1.1.1:
    version "1.1.3"
    resolved "http://registry.npm.taobao.org/unist-util-visit/download/unist-util-visit-1.1.3.tgz#ec268e731b9d277a79a5b5aa0643990e405d600b"
  
  vfile-location@^2.0.0:
    version "2.0.2"
    resolved "http://registry.npm.taobao.org/vfile-location/download/vfile-location-2.0.2.tgz#d3675c59c877498e492b4756ff65e4af1a752255"
  
  vfile@^2.0.0:
    version "2.2.0"
    resolved "http://registry.npm.taobao.org/vfile/download/vfile-2.2.0.tgz#ce47a4fb335922b233e535db0f7d8121d8fced4e"
    dependencies:
      is-buffer "^1.1.4"
      replace-ext "1.0.0"
      unist-util-stringify-position "^1.0.0"
  
  x-is-function@^1.0.4:
    version "1.0.4"
    resolved "http://registry.npm.taobao.org/x-is-function/download/x-is-function-1.0.4.tgz#5d294dc3d268cbdd062580e0c5df77a391d1fa1e"
  
  x-is-string@^0.1.0:
    version "0.1.0"
    resolved "http://registry.npm.taobao.org/x-is-string/download/x-is-string-0.1.0.tgz#474b50865af3a49a9c4657f05acd145458f77d82"
  
  xtend@^4.0.1:
    version "4.0.1"
    resolved "http://registry.npm.taobao.org/xtend/download/xtend-4.0.1.tgz#a5c6d532be656e23db820efb943a1f04998d63af"

Trace: 
  Error: canceled
      at Interface.<anonymous> (/usr/local/Cellar/yarn/1.3.2/libexec/lib/cli.js:121045:13)
      at emitNone (events.js:86:13)
      at Interface.emit (events.js:185:7)
      at Interface._ttyWrite (readline.js:726:16)
      at ReadStream.onkeypress (readline.js:126:10)
      at emitTwo (events.js:106:13)
      at ReadStream.emit (events.js:191:7)
      at emitKeys (internal/readline.js:389:14)
      at next (native)
      at ReadStream.onData (readline.js:972:36)
